0 info it worked if it ends with ok
1 verbose cli [ 'C:\\Program Files (x86)\\nodejs\\node.exe',
1 verbose cli   'C:\\Users\\d384512\\AppData\\Roaming\\npm\\node_modules\\npm\\bin\\npm-cli.js',
1 verbose cli   'update' ]
2 info using npm@3.8.3
3 info using node@v4.6.0
4 silly mapToRegistry name bower
5 silly mapToRegistry using default registry
6 silly mapToRegistry registry http://registry.npmjs.org/
7 silly mapToRegistry data Result {
7 silly mapToRegistry   raw: 'bower',
7 silly mapToRegistry   scope: null,
7 silly mapToRegistry   name: 'bower',
7 silly mapToRegistry   rawSpec: '',
7 silly mapToRegistry   spec: 'latest',
7 silly mapToRegistry   type: 'tag' }
8 silly mapToRegistry uri http://registry.npmjs.org/bower
9 silly mapToRegistry name grunt
10 silly mapToRegistry using default registry
11 silly mapToRegistry registry http://registry.npmjs.org/
12 silly mapToRegistry data Result {
12 silly mapToRegistry   raw: 'grunt',
12 silly mapToRegistry   scope: null,
12 silly mapToRegistry   name: 'grunt',
12 silly mapToRegistry   rawSpec: '',
12 silly mapToRegistry   spec: 'latest',
12 silly mapToRegistry   type: 'tag' }
13 silly mapToRegistry uri http://registry.npmjs.org/grunt
14 silly mapToRegistry name grunt-assemble
15 silly mapToRegistry using default registry
16 silly mapToRegistry registry http://registry.npmjs.org/
17 silly mapToRegistry data Result {
17 silly mapToRegistry   raw: 'grunt-assemble',
17 silly mapToRegistry   scope: null,
17 silly mapToRegistry   name: 'grunt-assemble',
17 silly mapToRegistry   rawSpec: '',
17 silly mapToRegistry   spec: 'latest',
17 silly mapToRegistry   type: 'tag' }
18 silly mapToRegistry uri http://registry.npmjs.org/grunt-assemble
19 silly mapToRegistry name grunt-concurrent
20 silly mapToRegistry using default registry
21 silly mapToRegistry registry http://registry.npmjs.org/
22 silly mapToRegistry data Result {
22 silly mapToRegistry   raw: 'grunt-concurrent',
22 silly mapToRegistry   scope: null,
22 silly mapToRegistry   name: 'grunt-concurrent',
22 silly mapToRegistry   rawSpec: '',
22 silly mapToRegistry   spec: 'latest',
22 silly mapToRegistry   type: 'tag' }
23 silly mapToRegistry uri http://registry.npmjs.org/grunt-concurrent
24 silly mapToRegistry name grunt-contrib-clean
25 silly mapToRegistry using default registry
26 silly mapToRegistry registry http://registry.npmjs.org/
27 silly mapToRegistry data Result {
27 silly mapToRegistry   raw: 'grunt-contrib-clean',
27 silly mapToRegistry   scope: null,
27 silly mapToRegistry   name: 'grunt-contrib-clean',
27 silly mapToRegistry   rawSpec: '',
27 silly mapToRegistry   spec: 'latest',
27 silly mapToRegistry   type: 'tag' }
28 silly mapToRegistry uri http://registry.npmjs.org/grunt-contrib-clean
29 silly mapToRegistry name grunt-contrib-concat
30 silly mapToRegistry using default registry
31 silly mapToRegistry registry http://registry.npmjs.org/
32 silly mapToRegistry data Result {
32 silly mapToRegistry   raw: 'grunt-contrib-concat',
32 silly mapToRegistry   scope: null,
32 silly mapToRegistry   name: 'grunt-contrib-concat',
32 silly mapToRegistry   rawSpec: '',
32 silly mapToRegistry   spec: 'latest',
32 silly mapToRegistry   type: 'tag' }
33 silly mapToRegistry uri http://registry.npmjs.org/grunt-contrib-concat
34 silly mapToRegistry name grunt-contrib-connect
35 silly mapToRegistry using default registry
36 silly mapToRegistry registry http://registry.npmjs.org/
37 silly mapToRegistry data Result {
37 silly mapToRegistry   raw: 'grunt-contrib-connect',
37 silly mapToRegistry   scope: null,
37 silly mapToRegistry   name: 'grunt-contrib-connect',
37 silly mapToRegistry   rawSpec: '',
37 silly mapToRegistry   spec: 'latest',
37 silly mapToRegistry   type: 'tag' }
38 silly mapToRegistry uri http://registry.npmjs.org/grunt-contrib-connect
39 silly mapToRegistry name grunt-contrib-copy
40 silly mapToRegistry using default registry
41 silly mapToRegistry registry http://registry.npmjs.org/
42 silly mapToRegistry data Result {
42 silly mapToRegistry   raw: 'grunt-contrib-copy',
42 silly mapToRegistry   scope: null,
42 silly mapToRegistry   name: 'grunt-contrib-copy',
42 silly mapToRegistry   rawSpec: '',
42 silly mapToRegistry   spec: 'latest',
42 silly mapToRegistry   type: 'tag' }
43 silly mapToRegistry uri http://registry.npmjs.org/grunt-contrib-copy
44 silly mapToRegistry name grunt-contrib-cssmin
45 silly mapToRegistry using default registry
46 silly mapToRegistry registry http://registry.npmjs.org/
47 silly mapToRegistry data Result {
47 silly mapToRegistry   raw: 'grunt-contrib-cssmin',
47 silly mapToRegistry   scope: null,
47 silly mapToRegistry   name: 'grunt-contrib-cssmin',
47 silly mapToRegistry   rawSpec: '',
47 silly mapToRegistry   spec: 'latest',
47 silly mapToRegistry   type: 'tag' }
48 silly mapToRegistry uri http://registry.npmjs.org/grunt-contrib-cssmin
49 silly mapToRegistry name grunt-contrib-handlebars
50 silly mapToRegistry using default registry
51 silly mapToRegistry registry http://registry.npmjs.org/
52 silly mapToRegistry data Result {
52 silly mapToRegistry   raw: 'grunt-contrib-handlebars',
52 silly mapToRegistry   scope: null,
52 silly mapToRegistry   name: 'grunt-contrib-handlebars',
52 silly mapToRegistry   rawSpec: '',
52 silly mapToRegistry   spec: 'latest',
52 silly mapToRegistry   type: 'tag' }
53 silly mapToRegistry uri http://registry.npmjs.org/grunt-contrib-handlebars
54 silly mapToRegistry name grunt-contrib-jshint
55 silly mapToRegistry using default registry
56 silly mapToRegistry registry http://registry.npmjs.org/
57 silly mapToRegistry data Result {
57 silly mapToRegistry   raw: 'grunt-contrib-jshint',
57 silly mapToRegistry   scope: null,
57 silly mapToRegistry   name: 'grunt-contrib-jshint',
57 silly mapToRegistry   rawSpec: '',
57 silly mapToRegistry   spec: 'latest',
57 silly mapToRegistry   type: 'tag' }
58 silly mapToRegistry uri http://registry.npmjs.org/grunt-contrib-jshint
59 silly mapToRegistry name grunt-contrib-less
60 silly mapToRegistry using default registry
61 silly mapToRegistry registry http://registry.npmjs.org/
62 silly mapToRegistry data Result {
62 silly mapToRegistry   raw: 'grunt-contrib-less',
62 silly mapToRegistry   scope: null,
62 silly mapToRegistry   name: 'grunt-contrib-less',
62 silly mapToRegistry   rawSpec: '',
62 silly mapToRegistry   spec: 'latest',
62 silly mapToRegistry   type: 'tag' }
63 silly mapToRegistry uri http://registry.npmjs.org/grunt-contrib-less
64 silly mapToRegistry name grunt-contrib-uglify
65 silly mapToRegistry using default registry
66 silly mapToRegistry registry http://registry.npmjs.org/
67 silly mapToRegistry data Result {
67 silly mapToRegistry   raw: 'grunt-contrib-uglify',
67 silly mapToRegistry   scope: null,
67 silly mapToRegistry   name: 'grunt-contrib-uglify',
67 silly mapToRegistry   rawSpec: '',
67 silly mapToRegistry   spec: 'latest',
67 silly mapToRegistry   type: 'tag' }
68 silly mapToRegistry uri http://registry.npmjs.org/grunt-contrib-uglify
69 silly mapToRegistry name grunt-contrib-watch
70 silly mapToRegistry using default registry
71 silly mapToRegistry registry http://registry.npmjs.org/
72 silly mapToRegistry data Result {
72 silly mapToRegistry   raw: 'grunt-contrib-watch',
72 silly mapToRegistry   scope: null,
72 silly mapToRegistry   name: 'grunt-contrib-watch',
72 silly mapToRegistry   rawSpec: '',
72 silly mapToRegistry   spec: 'latest',
72 silly mapToRegistry   type: 'tag' }
73 silly mapToRegistry uri http://registry.npmjs.org/grunt-contrib-watch
74 silly mapToRegistry name grunt-include-source
75 silly mapToRegistry using default registry
76 silly mapToRegistry registry http://registry.npmjs.org/
77 silly mapToRegistry data Result {
77 silly mapToRegistry   raw: 'grunt-include-source',
77 silly mapToRegistry   scope: null,
77 silly mapToRegistry   name: 'grunt-include-source',
77 silly mapToRegistry   rawSpec: '',
77 silly mapToRegistry   spec: 'latest',
77 silly mapToRegistry   type: 'tag' }
78 silly mapToRegistry uri http://registry.npmjs.org/grunt-include-source
79 silly mapToRegistry name grunt-ng-annotate
80 silly mapToRegistry using default registry
81 silly mapToRegistry registry http://registry.npmjs.org/
82 silly mapToRegistry data Result {
82 silly mapToRegistry   raw: 'grunt-ng-annotate',
82 silly mapToRegistry   scope: null,
82 silly mapToRegistry   name: 'grunt-ng-annotate',
82 silly mapToRegistry   rawSpec: '',
82 silly mapToRegistry   spec: 'latest',
82 silly mapToRegistry   type: 'tag' }
83 silly mapToRegistry uri http://registry.npmjs.org/grunt-ng-annotate
84 silly mapToRegistry name grunt-open
85 silly mapToRegistry using default registry
86 silly mapToRegistry registry http://registry.npmjs.org/
87 silly mapToRegistry data Result {
87 silly mapToRegistry   raw: 'grunt-open',
87 silly mapToRegistry   scope: null,
87 silly mapToRegistry   name: 'grunt-open',
87 silly mapToRegistry   rawSpec: '',
87 silly mapToRegistry   spec: 'latest',
87 silly mapToRegistry   type: 'tag' }
88 silly mapToRegistry uri http://registry.npmjs.org/grunt-open
89 silly mapToRegistry name handlebars
90 silly mapToRegistry using default registry
91 silly mapToRegistry registry http://registry.npmjs.org/
92 silly mapToRegistry data Result {
92 silly mapToRegistry   raw: 'handlebars',
92 silly mapToRegistry   scope: null,
92 silly mapToRegistry   name: 'handlebars',
92 silly mapToRegistry   rawSpec: '',
92 silly mapToRegistry   spec: 'latest',
92 silly mapToRegistry   type: 'tag' }
93 silly mapToRegistry uri http://registry.npmjs.org/handlebars
94 silly mapToRegistry name jit-grunt
95 silly mapToRegistry using default registry
96 silly mapToRegistry registry http://registry.npmjs.org/
97 silly mapToRegistry data Result {
97 silly mapToRegistry   raw: 'jit-grunt',
97 silly mapToRegistry   scope: null,
97 silly mapToRegistry   name: 'jit-grunt',
97 silly mapToRegistry   rawSpec: '',
97 silly mapToRegistry   spec: 'latest',
97 silly mapToRegistry   type: 'tag' }
98 silly mapToRegistry uri http://registry.npmjs.org/jit-grunt
99 silly mapToRegistry name jshint-stylish
100 silly mapToRegistry using default registry
101 silly mapToRegistry registry http://registry.npmjs.org/
102 silly mapToRegistry data Result {
102 silly mapToRegistry   raw: 'jshint-stylish',
102 silly mapToRegistry   scope: null,
102 silly mapToRegistry   name: 'jshint-stylish',
102 silly mapToRegistry   rawSpec: '',
102 silly mapToRegistry   spec: 'latest',
102 silly mapToRegistry   type: 'tag' }
103 silly mapToRegistry uri http://registry.npmjs.org/jshint-stylish
104 silly mapToRegistry name load-grunt-config
105 silly mapToRegistry using default registry
106 silly mapToRegistry registry http://registry.npmjs.org/
107 silly mapToRegistry data Result {
107 silly mapToRegistry   raw: 'load-grunt-config',
107 silly mapToRegistry   scope: null,
107 silly mapToRegistry   name: 'load-grunt-config',
107 silly mapToRegistry   rawSpec: '',
107 silly mapToRegistry   spec: 'latest',
107 silly mapToRegistry   type: 'tag' }
108 silly mapToRegistry uri http://registry.npmjs.org/load-grunt-config
109 verbose request uri http://registry.npmjs.org/grunt-assemble
110 verbose request no auth needed
111 info attempt registry request try #1 at 1:00:15 PM
112 verbose request id ee4f7d44f3939ade
113 verbose lastModified Fri, 17 Mar 2017 19:49:55 GMT
114 http request GET http://registry.npmjs.org/grunt-assemble
115 verbose request uri http://registry.npmjs.org/grunt-contrib-clean
116 verbose request no auth needed
117 info attempt registry request try #1 at 1:00:15 PM
118 verbose lastModified Thu, 13 Apr 2017 00:37:02 GMT
119 http request GET http://registry.npmjs.org/grunt-contrib-clean
120 verbose request uri http://registry.npmjs.org/grunt-contrib-concat
121 verbose request no auth needed
122 info attempt registry request try #1 at 1:00:15 PM
123 verbose etag W/"58da5db1-8b7b"
124 verbose lastModified Tue, 28 Mar 2017 12:57:21 GMT
125 http request GET http://registry.npmjs.org/grunt-contrib-concat
126 verbose request uri http://registry.npmjs.org/grunt-contrib-cssmin
127 verbose request no auth needed
128 info attempt registry request try #1 at 1:00:15 PM
129 verbose etag W/"58f4bed2-ccf9"
130 verbose lastModified Mon, 17 Apr 2017 13:10:42 GMT
131 http request GET http://registry.npmjs.org/grunt-contrib-cssmin
132 verbose request uri http://registry.npmjs.org/grunt-contrib-copy
133 verbose request no auth needed
134 info attempt registry request try #1 at 1:00:15 PM
135 verbose lastModified Fri, 31 Mar 2017 13:37:59 GMT
136 http request GET http://registry.npmjs.org/grunt-contrib-copy
137 verbose request uri http://registry.npmjs.org/bower
138 verbose request no auth needed
139 info attempt registry request try #1 at 1:00:15 PM
140 verbose etag "5920ac8f-2df5f"
141 verbose lastModified Sat, 20 May 2017 20:52:31 GMT
142 http request GET http://registry.npmjs.org/bower
143 verbose request uri http://registry.npmjs.org/grunt-contrib-handlebars
144 verbose request no auth needed
145 info attempt registry request try #1 at 1:00:15 PM
146 verbose lastModified Mon, 12 Dec 2016 02:16:40 GMT
147 http request GET http://registry.npmjs.org/grunt-contrib-handlebars
148 verbose request uri http://registry.npmjs.org/grunt-concurrent
149 verbose request no auth needed
150 info attempt registry request try #1 at 1:00:15 PM
151 verbose lastModified Sun, 02 Apr 2017 10:17:56 GMT
152 http request GET http://registry.npmjs.org/grunt-concurrent
153 verbose request uri http://registry.npmjs.org/grunt-contrib-less
154 verbose request no auth needed
155 info attempt registry request try #1 at 1:00:15 PM
156 verbose etag W/"59222a3c-13461"
157 verbose lastModified Mon, 22 May 2017 00:01:00 GMT
158 http request GET http://registry.npmjs.org/grunt-contrib-less
159 verbose request uri http://registry.npmjs.org/grunt-contrib-uglify
160 verbose request no auth needed
161 info attempt registry request try #1 at 1:00:15 PM
162 verbose etag "5915a486-17d45"
163 verbose lastModified Fri, 12 May 2017 12:03:18 GMT
164 http request GET http://registry.npmjs.org/grunt-contrib-uglify
165 verbose request uri http://registry.npmjs.org/grunt-contrib-watch
166 verbose request no auth needed
167 info attempt registry request try #1 at 1:00:15 PM
168 verbose etag W/"58f76b2e-fb7b"
169 verbose lastModified Wed, 19 Apr 2017 13:50:38 GMT
170 http request GET http://registry.npmjs.org/grunt-contrib-watch
171 verbose request uri http://registry.npmjs.org/grunt-include-source
172 verbose request no auth needed
173 info attempt registry request try #1 at 1:00:15 PM
174 verbose lastModified Fri, 24 Feb 2017 18:04:40 GMT
175 http request GET http://registry.npmjs.org/grunt-include-source
176 verbose request uri http://registry.npmjs.org/grunt-open
177 verbose request no auth needed
178 info attempt registry request try #1 at 1:00:15 PM
179 verbose lastModified Fri, 17 Jan 2014 17:37:33 GMT
180 http request GET http://registry.npmjs.org/grunt-open
181 verbose request uri http://registry.npmjs.org/grunt-contrib-connect
182 verbose request no auth needed
183 info attempt registry request try #1 at 1:00:15 PM
184 verbose lastModified Wed, 22 Mar 2017 11:35:17 GMT
185 http request GET http://registry.npmjs.org/grunt-contrib-connect
186 verbose request uri http://registry.npmjs.org/jit-grunt
187 verbose request no auth needed
188 info attempt registry request try #1 at 1:00:15 PM
189 verbose lastModified Wed, 26 Oct 2016 00:12:55 GMT
190 http request GET http://registry.npmjs.org/jit-grunt
191 verbose request uri http://registry.npmjs.org/grunt-contrib-jshint
192 verbose request no auth needed
193 info attempt registry request try #1 at 1:00:15 PM
194 verbose etag W/"58da5d50-10fa0"
195 verbose lastModified Tue, 28 Mar 2017 12:55:44 GMT
196 http request GET http://registry.npmjs.org/grunt-contrib-jshint
197 verbose request uri http://registry.npmjs.org/jshint-stylish
198 verbose request no auth needed
199 info attempt registry request try #1 at 1:00:15 PM
200 verbose lastModified Mon, 03 Apr 2017 21:41:44 GMT
201 http request GET http://registry.npmjs.org/jshint-stylish
202 verbose request uri http://registry.npmjs.org/handlebars
203 verbose request no auth needed
204 info attempt registry request try #1 at 1:00:15 PM
205 verbose etag "5921840d-121bf"
206 verbose lastModified Sun, 21 May 2017 12:11:57 GMT
207 http request GET http://registry.npmjs.org/handlebars
208 verbose request uri http://registry.npmjs.org/load-grunt-config
209 verbose request no auth needed
210 info attempt registry request try #1 at 1:00:15 PM
211 verbose etag W/"58e1bbfb-c927"
212 verbose lastModified Mon, 03 Apr 2017 03:05:31 GMT
213 http request GET http://registry.npmjs.org/load-grunt-config
214 verbose request uri http://registry.npmjs.org/grunt-ng-annotate
215 verbose request no auth needed
216 info attempt registry request try #1 at 1:00:15 PM
217 verbose etag W/"5818ce56-c365"
218 verbose lastModified Tue, 01 Nov 2016 17:18:14 GMT
219 http request GET http://registry.npmjs.org/grunt-ng-annotate
220 info retry will retry, error on last attempt: Error: getaddrinfo ENOTFOUND bcavi.tcif.telstra.com.au bcavi.tcif.telstra.com.au:8080
221 info retry will retry, error on last attempt: Error: getaddrinfo ENOTFOUND bcavi.tcif.telstra.com.au bcavi.tcif.telstra.com.au:8080
222 info retry will retry, error on last attempt: Error: getaddrinfo ENOTFOUND bcavi.tcif.telstra.com.au bcavi.tcif.telstra.com.au:8080
223 info retry will retry, error on last attempt: Error: getaddrinfo ENOTFOUND bcavi.tcif.telstra.com.au bcavi.tcif.telstra.com.au:8080
224 info retry will retry, error on last attempt: Error: getaddrinfo ENOTFOUND bcavi.tcif.telstra.com.au bcavi.tcif.telstra.com.au:8080
225 info retry will retry, error on last attempt: Error: getaddrinfo ENOTFOUND bcavi.tcif.telstra.com.au bcavi.tcif.telstra.com.au:8080
226 info retry will retry, error on last attempt: Error: getaddrinfo ENOTFOUND bcavi.tcif.telstra.com.au bcavi.tcif.telstra.com.au:8080
227 info retry will retry, error on last attempt: Error: getaddrinfo ENOTFOUND bcavi.tcif.telstra.com.au bcavi.tcif.telstra.com.au:8080
228 info retry will retry, error on last attempt: Error: getaddrinfo ENOTFOUND bcavi.tcif.telstra.com.au bcavi.tcif.telstra.com.au:8080
229 info retry will retry, error on last attempt: Error: getaddrinfo ENOTFOUND bcavi.tcif.telstra.com.au bcavi.tcif.telstra.com.au:8080
230 info retry will retry, error on last attempt: Error: getaddrinfo ENOTFOUND bcavi.tcif.telstra.com.au bcavi.tcif.telstra.com.au:8080
231 verbose request uri http://registry.npmjs.org/grunt
232 verbose request no auth needed
233 info attempt registry request try #1 at 1:00:15 PM
234 verbose etag "5912d19a-18b27"
235 verbose lastModified Wed, 10 May 2017 08:38:50 GMT
236 http request GET http://registry.npmjs.org/grunt
237 info retry will retry, error on last attempt: Error: getaddrinfo ENOTFOUND bcavi.tcif.telstra.com.au bcavi.tcif.telstra.com.au:8080
238 info retry will retry, error on last attempt: Error: getaddrinfo ENOTFOUND bcavi.tcif.telstra.com.au bcavi.tcif.telstra.com.au:8080
239 info retry will retry, error on last attempt: Error: getaddrinfo ENOTFOUND bcavi.tcif.telstra.com.au bcavi.tcif.telstra.com.au:8080
240 info retry will retry, error on last attempt: Error: getaddrinfo ENOTFOUND bcavi.tcif.telstra.com.au bcavi.tcif.telstra.com.au:8080
241 info retry will retry, error on last attempt: Error: getaddrinfo ENOTFOUND bcavi.tcif.telstra.com.au bcavi.tcif.telstra.com.au:8080
242 info retry will retry, error on last attempt: Error: getaddrinfo ENOTFOUND bcavi.tcif.telstra.com.au bcavi.tcif.telstra.com.au:8080
243 info retry will retry, error on last attempt: Error: getaddrinfo ENOTFOUND bcavi.tcif.telstra.com.au bcavi.tcif.telstra.com.au:8080
244 info retry will retry, error on last attempt: Error: getaddrinfo ENOTFOUND bcavi.tcif.telstra.com.au bcavi.tcif.telstra.com.au:8080
245 info retry will retry, error on last attempt: Error: getaddrinfo ENOTFOUND bcavi.tcif.telstra.com.au bcavi.tcif.telstra.com.au:8080
246 info retry will retry, error on last attempt: Error: getaddrinfo ENOTFOUND bcavi.tcif.telstra.com.au bcavi.tcif.telstra.com.au:8080
247 info attempt registry request try #2 at 1:00:25 PM
248 verbose lastModified Fri, 17 Mar 2017 19:49:55 GMT
249 http request GET http://registry.npmjs.org/grunt-assemble
250 info attempt registry request try #2 at 1:00:25 PM
251 verbose lastModified Thu, 13 Apr 2017 00:37:02 GMT
252 http request GET http://registry.npmjs.org/grunt-contrib-clean
253 info attempt registry request try #2 at 1:00:25 PM
254 verbose etag W/"58da5db1-8b7b"
255 verbose lastModified Tue, 28 Mar 2017 12:57:21 GMT
256 http request GET http://registry.npmjs.org/grunt-contrib-concat
257 info attempt registry request try #2 at 1:00:25 PM
258 verbose etag W/"58f4bed2-ccf9"
259 verbose lastModified Mon, 17 Apr 2017 13:10:42 GMT
260 http request GET http://registry.npmjs.org/grunt-contrib-cssmin
261 info attempt registry request try #2 at 1:00:25 PM
262 verbose lastModified Fri, 31 Mar 2017 13:37:59 GMT
263 http request GET http://registry.npmjs.org/grunt-contrib-copy
264 info attempt registry request try #2 at 1:00:25 PM
265 verbose etag "5920ac8f-2df5f"
266 verbose lastModified Sat, 20 May 2017 20:52:31 GMT
267 http request GET http://registry.npmjs.org/bower
268 info attempt registry request try #2 at 1:00:25 PM
269 verbose lastModified Mon, 12 Dec 2016 02:16:40 GMT
270 http request GET http://registry.npmjs.org/grunt-contrib-handlebars
271 info attempt registry request try #2 at 1:00:25 PM
272 verbose lastModified Sun, 02 Apr 2017 10:17:56 GMT
273 http request GET http://registry.npmjs.org/grunt-concurrent
274 info attempt registry request try #2 at 1:00:25 PM
275 verbose etag W/"59222a3c-13461"
276 verbose lastModified Mon, 22 May 2017 00:01:00 GMT
277 http request GET http://registry.npmjs.org/grunt-contrib-less
278 info attempt registry request try #2 at 1:00:25 PM
279 verbose etag "5915a486-17d45"
280 verbose lastModified Fri, 12 May 2017 12:03:18 GMT
281 http request GET http://registry.npmjs.org/grunt-contrib-uglify
282 info attempt registry request try #2 at 1:00:25 PM
283 verbose etag W/"58f76b2e-fb7b"
284 verbose lastModified Wed, 19 Apr 2017 13:50:38 GMT
285 http request GET http://registry.npmjs.org/grunt-contrib-watch
286 info attempt registry request try #2 at 1:00:25 PM
287 verbose lastModified Fri, 24 Feb 2017 18:04:40 GMT
288 http request GET http://registry.npmjs.org/grunt-include-source
289 info attempt registry request try #2 at 1:00:25 PM
290 verbose lastModified Fri, 17 Jan 2014 17:37:33 GMT
291 http request GET http://registry.npmjs.org/grunt-open
292 info attempt registry request try #2 at 1:00:25 PM
293 verbose lastModified Wed, 22 Mar 2017 11:35:17 GMT
294 http request GET http://registry.npmjs.org/grunt-contrib-connect
295 info attempt registry request try #2 at 1:00:25 PM
296 verbose lastModified Wed, 26 Oct 2016 00:12:55 GMT
297 http request GET http://registry.npmjs.org/jit-grunt
298 info attempt registry request try #2 at 1:00:25 PM
299 verbose etag W/"58da5d50-10fa0"
300 verbose lastModified Tue, 28 Mar 2017 12:55:44 GMT
301 http request GET http://registry.npmjs.org/grunt-contrib-jshint
302 info attempt registry request try #2 at 1:00:25 PM
303 verbose lastModified Mon, 03 Apr 2017 21:41:44 GMT
304 http request GET http://registry.npmjs.org/jshint-stylish
305 info attempt registry request try #2 at 1:00:25 PM
306 verbose etag "5921840d-121bf"
307 verbose lastModified Sun, 21 May 2017 12:11:57 GMT
308 http request GET http://registry.npmjs.org/handlebars
309 info attempt registry request try #2 at 1:00:25 PM
310 verbose etag W/"58e1bbfb-c927"
311 verbose lastModified Mon, 03 Apr 2017 03:05:31 GMT
312 http request GET http://registry.npmjs.org/load-grunt-config
313 info attempt registry request try #2 at 1:00:25 PM
314 verbose etag W/"5818ce56-c365"
315 verbose lastModified Tue, 01 Nov 2016 17:18:14 GMT
316 http request GET http://registry.npmjs.org/grunt-ng-annotate
317 info attempt registry request try #2 at 1:00:25 PM
318 verbose etag "5912d19a-18b27"
319 verbose lastModified Wed, 10 May 2017 08:38:50 GMT
320 http request GET http://registry.npmjs.org/grunt
321 info retry will retry, error on last attempt: Error: getaddrinfo ENOTFOUND bcavi.tcif.telstra.com.au bcavi.tcif.telstra.com.au:8080
322 info retry will retry, error on last attempt: Error: getaddrinfo ENOTFOUND bcavi.tcif.telstra.com.au bcavi.tcif.telstra.com.au:8080
323 info retry will retry, error on last attempt: Error: getaddrinfo ENOTFOUND bcavi.tcif.telstra.com.au bcavi.tcif.telstra.com.au:8080
324 info retry will retry, error on last attempt: Error: getaddrinfo ENOTFOUND bcavi.tcif.telstra.com.au bcavi.tcif.telstra.com.au:8080
325 info retry will retry, error on last attempt: Error: getaddrinfo ENOTFOUND bcavi.tcif.telstra.com.au bcavi.tcif.telstra.com.au:8080
326 info retry will retry, error on last attempt: Error: getaddrinfo ENOTFOUND bcavi.tcif.telstra.com.au bcavi.tcif.telstra.com.au:8080
327 info retry will retry, error on last attempt: Error: getaddrinfo ENOTFOUND bcavi.tcif.telstra.com.au bcavi.tcif.telstra.com.au:8080
328 info retry will retry, error on last attempt: Error: getaddrinfo ENOTFOUND bcavi.tcif.telstra.com.au bcavi.tcif.telstra.com.au:8080
329 info retry will retry, error on last attempt: Error: getaddrinfo ENOTFOUND bcavi.tcif.telstra.com.au bcavi.tcif.telstra.com.au:8080
330 info retry will retry, error on last attempt: Error: getaddrinfo ENOTFOUND bcavi.tcif.telstra.com.au bcavi.tcif.telstra.com.au:8080
331 info retry will retry, error on last attempt: Error: getaddrinfo ENOTFOUND bcavi.tcif.telstra.com.au bcavi.tcif.telstra.com.au:8080
332 info retry will retry, error on last attempt: Error: getaddrinfo ENOTFOUND bcavi.tcif.telstra.com.au bcavi.tcif.telstra.com.au:8080
333 info retry will retry, error on last attempt: Error: getaddrinfo ENOTFOUND bcavi.tcif.telstra.com.au bcavi.tcif.telstra.com.au:8080
334 info retry will retry, error on last attempt: Error: getaddrinfo ENOTFOUND bcavi.tcif.telstra.com.au bcavi.tcif.telstra.com.au:8080
335 info retry will retry, error on last attempt: Error: getaddrinfo ENOTFOUND bcavi.tcif.telstra.com.au bcavi.tcif.telstra.com.au:8080
336 info retry will retry, error on last attempt: Error: getaddrinfo ENOTFOUND bcavi.tcif.telstra.com.au bcavi.tcif.telstra.com.au:8080
337 info retry will retry, error on last attempt: Error: getaddrinfo ENOTFOUND bcavi.tcif.telstra.com.au bcavi.tcif.telstra.com.au:8080
338 info retry will retry, error on last attempt: Error: getaddrinfo ENOTFOUND bcavi.tcif.telstra.com.au bcavi.tcif.telstra.com.au:8080
339 info retry will retry, error on last attempt: Error: getaddrinfo ENOTFOUND bcavi.tcif.telstra.com.au bcavi.tcif.telstra.com.au:8080
340 info retry will retry, error on last attempt: Error: getaddrinfo ENOTFOUND bcavi.tcif.telstra.com.au bcavi.tcif.telstra.com.au:8080
341 info retry will retry, error on last attempt: Error: getaddrinfo ENOTFOUND bcavi.tcif.telstra.com.au bcavi.tcif.telstra.com.au:8080
342 info attempt registry request try #3 at 1:01:25 PM
343 verbose lastModified Thu, 13 Apr 2017 00:37:02 GMT
344 http request GET http://registry.npmjs.org/grunt-contrib-clean
345 info attempt registry request try #3 at 1:01:25 PM
346 verbose lastModified Fri, 17 Mar 2017 19:49:55 GMT
347 http request GET http://registry.npmjs.org/grunt-assemble
348 info attempt registry request try #3 at 1:01:25 PM
349 verbose etag W/"58da5db1-8b7b"
350 verbose lastModified Tue, 28 Mar 2017 12:57:21 GMT
351 http request GET http://registry.npmjs.org/grunt-contrib-concat
352 info attempt registry request try #3 at 1:01:25 PM
353 verbose etag W/"58f4bed2-ccf9"
354 verbose lastModified Mon, 17 Apr 2017 13:10:42 GMT
355 http request GET http://registry.npmjs.org/grunt-contrib-cssmin
356 info attempt registry request try #3 at 1:01:25 PM
357 verbose lastModified Fri, 31 Mar 2017 13:37:59 GMT
358 http request GET http://registry.npmjs.org/grunt-contrib-copy
359 info attempt registry request try #3 at 1:01:25 PM
360 verbose etag "5920ac8f-2df5f"
361 verbose lastModified Sat, 20 May 2017 20:52:31 GMT
362 http request GET http://registry.npmjs.org/bower
363 info attempt registry request try #3 at 1:01:25 PM
364 verbose lastModified Mon, 12 Dec 2016 02:16:40 GMT
365 http request GET http://registry.npmjs.org/grunt-contrib-handlebars
366 info attempt registry request try #3 at 1:01:25 PM
367 verbose lastModified Sun, 02 Apr 2017 10:17:56 GMT
368 http request GET http://registry.npmjs.org/grunt-concurrent
369 info attempt registry request try #3 at 1:01:25 PM
370 verbose etag W/"59222a3c-13461"
371 verbose lastModified Mon, 22 May 2017 00:01:00 GMT
372 http request GET http://registry.npmjs.org/grunt-contrib-less
373 info attempt registry request try #3 at 1:01:25 PM
374 verbose etag "5915a486-17d45"
375 verbose lastModified Fri, 12 May 2017 12:03:18 GMT
376 http request GET http://registry.npmjs.org/grunt-contrib-uglify
377 info attempt registry request try #3 at 1:01:25 PM
378 verbose lastModified Fri, 24 Feb 2017 18:04:40 GMT
379 http request GET http://registry.npmjs.org/grunt-include-source
380 info attempt registry request try #3 at 1:01:25 PM
381 verbose etag W/"58f76b2e-fb7b"
382 verbose lastModified Wed, 19 Apr 2017 13:50:38 GMT
383 http request GET http://registry.npmjs.org/grunt-contrib-watch
384 info attempt registry request try #3 at 1:01:25 PM
385 verbose lastModified Wed, 26 Oct 2016 00:12:55 GMT
386 http request GET http://registry.npmjs.org/jit-grunt
387 info attempt registry request try #3 at 1:01:25 PM
388 verbose lastModified Mon, 03 Apr 2017 21:41:44 GMT
389 http request GET http://registry.npmjs.org/jshint-stylish
390 info attempt registry request try #3 at 1:01:25 PM
391 verbose lastModified Fri, 17 Jan 2014 17:37:33 GMT
392 http request GET http://registry.npmjs.org/grunt-open
393 info attempt registry request try #3 at 1:01:25 PM
394 verbose etag "5921840d-121bf"
395 verbose lastModified Sun, 21 May 2017 12:11:57 GMT
396 http request GET http://registry.npmjs.org/handlebars
397 info attempt registry request try #3 at 1:01:25 PM
398 verbose etag W/"5818ce56-c365"
399 verbose lastModified Tue, 01 Nov 2016 17:18:14 GMT
400 http request GET http://registry.npmjs.org/grunt-ng-annotate
401 info attempt registry request try #3 at 1:01:25 PM
402 verbose lastModified Wed, 22 Mar 2017 11:35:17 GMT
403 http request GET http://registry.npmjs.org/grunt-contrib-connect
404 info attempt registry request try #3 at 1:01:25 PM
405 verbose etag W/"58da5d50-10fa0"
406 verbose lastModified Tue, 28 Mar 2017 12:55:44 GMT
407 http request GET http://registry.npmjs.org/grunt-contrib-jshint
408 info attempt registry request try #3 at 1:01:25 PM
409 verbose etag W/"58e1bbfb-c927"
410 verbose lastModified Mon, 03 Apr 2017 03:05:31 GMT
411 http request GET http://registry.npmjs.org/load-grunt-config
412 info attempt registry request try #3 at 1:01:25 PM
413 verbose etag "5912d19a-18b27"
414 verbose lastModified Wed, 10 May 2017 08:38:50 GMT
415 http request GET http://registry.npmjs.org/grunt
416 silly get cb [ 304, undefined ]
417 verbose lastModified http://registry.npmjs.org/grunt-contrib-clean from cache
418 verbose get saving grunt-contrib-clean to C:\Users\d384512\AppData\Roaming\npm-cache\registry.npmjs.org\grunt-contrib-clean\.cache.json
419 verbose correctMkdir C:\Users\d384512\AppData\Roaming\npm-cache correctMkdir not in flight; initializing
420 silly get cb [ 304, undefined ]
421 verbose lastModified http://registry.npmjs.org/grunt-assemble from cache
422 verbose get saving grunt-assemble to C:\Users\d384512\AppData\Roaming\npm-cache\registry.npmjs.org\grunt-assemble\.cache.json
423 verbose correctMkdir C:\Users\d384512\AppData\Roaming\npm-cache correctMkdir already in flight; waiting
424 silly get cb [ 304, undefined ]
425 verbose etag http://registry.npmjs.org/grunt-contrib-concat from cache
426 verbose get saving grunt-contrib-concat to C:\Users\d384512\AppData\Roaming\npm-cache\registry.npmjs.org\grunt-contrib-concat\.cache.json
427 verbose correctMkdir C:\Users\d384512\AppData\Roaming\npm-cache correctMkdir already in flight; waiting
428 silly get cb [ 304, undefined ]
429 verbose etag http://registry.npmjs.org/grunt-contrib-cssmin from cache
430 verbose get saving grunt-contrib-cssmin to C:\Users\d384512\AppData\Roaming\npm-cache\registry.npmjs.org\grunt-contrib-cssmin\.cache.json
431 verbose correctMkdir C:\Users\d384512\AppData\Roaming\npm-cache correctMkdir already in flight; waiting
432 silly get cb [ 304, undefined ]
433 verbose lastModified http://registry.npmjs.org/grunt-contrib-copy from cache
434 verbose get saving grunt-contrib-copy to C:\Users\d384512\AppData\Roaming\npm-cache\registry.npmjs.org\grunt-contrib-copy\.cache.json
435 verbose correctMkdir C:\Users\d384512\AppData\Roaming\npm-cache correctMkdir already in flight; waiting
436 silly get cb [ 304, undefined ]
437 verbose lastModified http://registry.npmjs.org/grunt-contrib-handlebars from cache
438 verbose get saving grunt-contrib-handlebars to C:\Users\d384512\AppData\Roaming\npm-cache\registry.npmjs.org\grunt-contrib-handlebars\.cache.json
439 verbose correctMkdir C:\Users\d384512\AppData\Roaming\npm-cache correctMkdir already in flight; waiting
440 silly get cb [ 304, undefined ]
441 verbose etag http://registry.npmjs.org/bower from cache
442 verbose get saving bower to C:\Users\d384512\AppData\Roaming\npm-cache\registry.npmjs.org\bower\.cache.json
443 verbose correctMkdir C:\Users\d384512\AppData\Roaming\npm-cache correctMkdir already in flight; waiting
444 silly get cb [ 304, undefined ]
445 verbose lastModified http://registry.npmjs.org/grunt-concurrent from cache
446 verbose get saving grunt-concurrent to C:\Users\d384512\AppData\Roaming\npm-cache\registry.npmjs.org\grunt-concurrent\.cache.json
447 verbose correctMkdir C:\Users\d384512\AppData\Roaming\npm-cache correctMkdir already in flight; waiting
448 silly get cb [ 304, undefined ]
449 verbose etag http://registry.npmjs.org/grunt-contrib-less from cache
450 verbose get saving grunt-contrib-less to C:\Users\d384512\AppData\Roaming\npm-cache\registry.npmjs.org\grunt-contrib-less\.cache.json
451 verbose correctMkdir C:\Users\d384512\AppData\Roaming\npm-cache correctMkdir already in flight; waiting
452 silly get cb [ 304, undefined ]
453 verbose etag http://registry.npmjs.org/grunt-contrib-uglify from cache
454 verbose get saving grunt-contrib-uglify to C:\Users\d384512\AppData\Roaming\npm-cache\registry.npmjs.org\grunt-contrib-uglify\.cache.json
455 verbose correctMkdir C:\Users\d384512\AppData\Roaming\npm-cache correctMkdir already in flight; waiting
456 silly get cb [ 304, undefined ]
457 verbose lastModified http://registry.npmjs.org/grunt-include-source from cache
458 verbose get saving grunt-include-source to C:\Users\d384512\AppData\Roaming\npm-cache\registry.npmjs.org\grunt-include-source\.cache.json
459 verbose correctMkdir C:\Users\d384512\AppData\Roaming\npm-cache correctMkdir already in flight; waiting
460 silly get cb [ 304, undefined ]
461 verbose etag http://registry.npmjs.org/grunt-contrib-watch from cache
462 verbose get saving grunt-contrib-watch to C:\Users\d384512\AppData\Roaming\npm-cache\registry.npmjs.org\grunt-contrib-watch\.cache.json
463 verbose correctMkdir C:\Users\d384512\AppData\Roaming\npm-cache correctMkdir already in flight; waiting
464 silly get cb [ 304, undefined ]
465 verbose lastModified http://registry.npmjs.org/jshint-stylish from cache
466 verbose get saving jshint-stylish to C:\Users\d384512\AppData\Roaming\npm-cache\registry.npmjs.org\jshint-stylish\.cache.json
467 verbose correctMkdir C:\Users\d384512\AppData\Roaming\npm-cache correctMkdir already in flight; waiting
468 silly get cb [ 304, undefined ]
469 verbose lastModified http://registry.npmjs.org/jit-grunt from cache
470 verbose get saving jit-grunt to C:\Users\d384512\AppData\Roaming\npm-cache\registry.npmjs.org\jit-grunt\.cache.json
471 verbose correctMkdir C:\Users\d384512\AppData\Roaming\npm-cache correctMkdir already in flight; waiting
472 silly get cb [ 304, undefined ]
473 verbose lastModified http://registry.npmjs.org/grunt-open from cache
474 verbose get saving grunt-open to C:\Users\d384512\AppData\Roaming\npm-cache\registry.npmjs.org\grunt-open\.cache.json
475 verbose correctMkdir C:\Users\d384512\AppData\Roaming\npm-cache correctMkdir already in flight; waiting
476 silly get cb [ 304, undefined ]
477 verbose etag http://registry.npmjs.org/handlebars from cache
478 verbose get saving handlebars to C:\Users\d384512\AppData\Roaming\npm-cache\registry.npmjs.org\handlebars\.cache.json
479 verbose correctMkdir C:\Users\d384512\AppData\Roaming\npm-cache correctMkdir already in flight; waiting
480 silly get cb [ 304, undefined ]
481 verbose etag http://registry.npmjs.org/grunt-ng-annotate from cache
482 verbose get saving grunt-ng-annotate to C:\Users\d384512\AppData\Roaming\npm-cache\registry.npmjs.org\grunt-ng-annotate\.cache.json
483 verbose correctMkdir C:\Users\d384512\AppData\Roaming\npm-cache correctMkdir already in flight; waiting
484 silly get cb [ 304, undefined ]
485 verbose lastModified http://registry.npmjs.org/grunt-contrib-connect from cache
486 verbose get saving grunt-contrib-connect to C:\Users\d384512\AppData\Roaming\npm-cache\registry.npmjs.org\grunt-contrib-connect\.cache.json
487 verbose correctMkdir C:\Users\d384512\AppData\Roaming\npm-cache correctMkdir already in flight; waiting
488 silly get cb [ 304, undefined ]
489 verbose etag http://registry.npmjs.org/grunt-contrib-jshint from cache
490 verbose get saving grunt-contrib-jshint to C:\Users\d384512\AppData\Roaming\npm-cache\registry.npmjs.org\grunt-contrib-jshint\.cache.json
491 verbose correctMkdir C:\Users\d384512\AppData\Roaming\npm-cache correctMkdir already in flight; waiting
492 silly get cb [ 304, undefined ]
493 verbose etag http://registry.npmjs.org/load-grunt-config from cache
494 verbose get saving load-grunt-config to C:\Users\d384512\AppData\Roaming\npm-cache\registry.npmjs.org\load-grunt-config\.cache.json
495 verbose correctMkdir C:\Users\d384512\AppData\Roaming\npm-cache correctMkdir already in flight; waiting
496 silly get cb [ 304, undefined ]
497 verbose etag http://registry.npmjs.org/grunt from cache
498 verbose get saving grunt to C:\Users\d384512\AppData\Roaming\npm-cache\registry.npmjs.org\grunt\.cache.json
499 verbose correctMkdir C:\Users\d384512\AppData\Roaming\npm-cache correctMkdir already in flight; waiting
500 verbose outdated not updating grunt-assemble because it's currently at the maximum version that matches its specified semver range
501 verbose outdated not updating grunt-contrib-uglify because it's currently at the maximum version that matches its specified semver range
502 info outdated updating [ { dep:
502 info outdated      Node {
502 info outdated        id: 172,
502 info outdated        package: [Object],
502 info outdated        path: 'C:\\reyn\\work\\movement\\node_modules\\grunt-contrib-clean',
502 info outdated        realpath: 'C:\\reyn\\work\\movement\\node_modules\\grunt-contrib-clean',
502 info outdated        parent: [Object],
502 info outdated        isLink: false,
502 info outdated        children: [Object],
502 info outdated        error: null,
502 info outdated        loaded: false,
502 info outdated        requiredBy: [Object],
502 info outdated        requires: [Object],
502 info outdated        missingDeps: {},
502 info outdated        missingDevDeps: {},
502 info outdated        userRequired: false,
502 info outdated        existing: false },
502 info outdated     depname: 'grunt-contrib-clean',
502 info outdated     current: '1.0.0',
502 info outdated     wanted: '1.1.0',
502 info outdated     latest: '1.1.0',
502 info outdated     req: '^1.0.0',
502 info outdated     what: 'grunt-contrib-clean@1.1.0' },
502 info outdated   { dep:
502 info outdated      Node {
502 info outdated        id: 147,
502 info outdated        package: [Object],
502 info outdated        path: 'C:\\reyn\\work\\movement\\node_modules\\grunt-contrib-cssmin',
502 info outdated        realpath: 'C:\\reyn\\work\\movement\\node_modules\\grunt-contrib-cssmin',
502 info outdated        parent: [Object],
502 info outdated        isLink: false,
502 info outdated        children: [Object],
502 info outdated        error: null,
502 info outdated        loaded: false,
502 info outdated        requiredBy: [Object],
502 info outdated        requires: [Object],
502 info outdated        missingDeps: {},
502 info outdated        missingDevDeps: {},
502 info outdated        userRequired: false,
502 info outdated        existing: false },
502 info outdated     depname: 'grunt-contrib-cssmin',
502 info outdated     current: '2.0.0',
502 info outdated     wanted: '2.1.0',
502 info outdated     latest: '2.1.0',
502 info outdated     req: '^2.0.0',
502 info outdated     what: 'grunt-contrib-cssmin@2.1.0' },
502 info outdated   { dep:
502 info outdated      Node {
502 info outdated        id: 385,
502 info outdated        package: [Object],
502 info outdated        path: 'C:\\reyn\\work\\movement\\node_modules\\handlebars',
502 info outdated        realpath: 'C:\\reyn\\work\\movement\\node_modules\\handlebars',
502 info outdated        parent: [Object],
502 info outdated        isLink: false,
502 info outdated        children: [Object],
502 info outdated        error: null,
502 info outdated        loaded: false,
502 info outdated        requiredBy: [Object],
502 info outdated        requires: [Object],
502 info outdated        missingDeps: {},
502 info outdated        missingDevDeps: {},
502 info outdated        userRequired: false,
502 info outdated        existing: false },
502 info outdated     depname: 'handlebars',
502 info outdated     current: '4.0.6',
502 info outdated     wanted: '4.0.10',
502 info outdated     latest: '4.0.10',
502 info outdated     req: '^4.0.5',
502 info outdated     what: 'handlebars@4.0.10' } ]
503 silly loadCurrentTree Starting
504 silly install loadCurrentTree
505 silly install readLocalPackageData
506 silly fetchPackageMetaData grunt-contrib-clean@1.1.0
507 silly fetchPackageMetaData grunt-contrib-cssmin@2.1.0
508 silly fetchPackageMetaData handlebars@4.0.10
509 silly fetchNamedPackageData grunt-contrib-clean
510 silly mapToRegistry name grunt-contrib-clean
511 silly mapToRegistry using default registry
512 silly mapToRegistry registry http://registry.npmjs.org/
513 silly mapToRegistry data Result {
513 silly mapToRegistry   raw: 'grunt-contrib-clean',
513 silly mapToRegistry   scope: null,
513 silly mapToRegistry   name: 'grunt-contrib-clean',
513 silly mapToRegistry   rawSpec: '',
513 silly mapToRegistry   spec: 'latest',
513 silly mapToRegistry   type: 'tag' }
514 silly mapToRegistry uri http://registry.npmjs.org/grunt-contrib-clean
515 silly fetchNamedPackageData grunt-contrib-cssmin
516 silly mapToRegistry name grunt-contrib-cssmin
517 silly mapToRegistry using default registry
518 silly mapToRegistry registry http://registry.npmjs.org/
519 silly mapToRegistry data Result {
519 silly mapToRegistry   raw: 'grunt-contrib-cssmin',
519 silly mapToRegistry   scope: null,
519 silly mapToRegistry   name: 'grunt-contrib-cssmin',
519 silly mapToRegistry   rawSpec: '',
519 silly mapToRegistry   spec: 'latest',
519 silly mapToRegistry   type: 'tag' }
520 silly mapToRegistry uri http://registry.npmjs.org/grunt-contrib-cssmin
521 silly fetchNamedPackageData handlebars
522 silly mapToRegistry name handlebars
523 silly mapToRegistry using default registry
524 silly mapToRegistry registry http://registry.npmjs.org/
525 silly mapToRegistry data Result {
525 silly mapToRegistry   raw: 'handlebars',
525 silly mapToRegistry   scope: null,
525 silly mapToRegistry   name: 'handlebars',
525 silly mapToRegistry   rawSpec: '',
525 silly mapToRegistry   spec: 'latest',
525 silly mapToRegistry   type: 'tag' }
526 silly mapToRegistry uri http://registry.npmjs.org/handlebars
527 verbose get http://registry.npmjs.org/grunt-contrib-cssmin not expired, no request
528 verbose get http://registry.npmjs.org/grunt-contrib-clean not expired, no request
529 verbose get http://registry.npmjs.org/handlebars not expired, no request
530 silly install normalizeTree
531 silly loadCurrentTree Finishing
532 silly loadIdealTree Starting
533 silly install loadIdealTree
534 silly cloneCurrentTree Starting
535 silly install cloneCurrentTreeToIdealTree
536 silly cloneCurrentTree Finishing
537 silly loadShrinkwrap Starting
538 silly install loadShrinkwrap
539 silly loadShrinkwrap Finishing
540 silly loadAllDepsIntoIdealTree Starting
541 silly install loadAllDepsIntoIdealTree
542 silly resolveWithNewModule grunt-contrib-cssmin@2.1.0 checking installable status
543 silly cache add args [ 'grunt-contrib-cssmin@2.1.0', null ]
544 verbose cache add spec grunt-contrib-cssmin@2.1.0
545 silly resolveWithNewModule grunt-contrib-clean@1.1.0 checking installable status
546 silly cache add args [ 'grunt-contrib-clean@1.1.0', null ]
547 verbose cache add spec grunt-contrib-clean@1.1.0
548 silly resolveWithNewModule handlebars@4.0.10 checking installable status
549 silly cache add args [ 'handlebars@4.0.10', null ]
550 verbose cache add spec handlebars@4.0.10
551 silly cache add parsed spec Result {
551 silly cache add   raw: 'grunt-contrib-cssmin@2.1.0',
551 silly cache add   scope: null,
551 silly cache add   name: 'grunt-contrib-cssmin',
551 silly cache add   rawSpec: '2.1.0',
551 silly cache add   spec: '2.1.0',
551 silly cache add   type: 'version' }
552 silly addNamed grunt-contrib-cssmin@2.1.0
553 verbose addNamed "2.1.0" is a plain semver version for grunt-contrib-cssmin
554 silly mapToRegistry name grunt-contrib-cssmin
555 silly mapToRegistry using default registry
556 silly mapToRegistry registry http://registry.npmjs.org/
557 silly mapToRegistry data Result {
557 silly mapToRegistry   raw: 'grunt-contrib-cssmin',
557 silly mapToRegistry   scope: null,
557 silly mapToRegistry   name: 'grunt-contrib-cssmin',
557 silly mapToRegistry   rawSpec: '',
557 silly mapToRegistry   spec: 'latest',
557 silly mapToRegistry   type: 'tag' }
558 silly mapToRegistry uri http://registry.npmjs.org/grunt-contrib-cssmin
559 verbose addNameVersion registry:http://registry.npmjs.org/grunt-contrib-cssmin not in flight; fetching
560 silly cache add parsed spec Result {
560 silly cache add   raw: 'grunt-contrib-clean@1.1.0',
560 silly cache add   scope: null,
560 silly cache add   name: 'grunt-contrib-clean',
560 silly cache add   rawSpec: '1.1.0',
560 silly cache add   spec: '1.1.0',
560 silly cache add   type: 'version' }
561 silly addNamed grunt-contrib-clean@1.1.0
562 verbose addNamed "1.1.0" is a plain semver version for grunt-contrib-clean
563 silly mapToRegistry name grunt-contrib-clean
564 silly mapToRegistry using default registry
565 silly mapToRegistry registry http://registry.npmjs.org/
566 silly mapToRegistry data Result {
566 silly mapToRegistry   raw: 'grunt-contrib-clean',
566 silly mapToRegistry   scope: null,
566 silly mapToRegistry   name: 'grunt-contrib-clean',
566 silly mapToRegistry   rawSpec: '',
566 silly mapToRegistry   spec: 'latest',
566 silly mapToRegistry   type: 'tag' }
567 silly mapToRegistry uri http://registry.npmjs.org/grunt-contrib-clean
568 verbose addNameVersion registry:http://registry.npmjs.org/grunt-contrib-clean not in flight; fetching
569 silly cache add parsed spec Result {
569 silly cache add   raw: 'handlebars@4.0.10',
569 silly cache add   scope: null,
569 silly cache add   name: 'handlebars',
569 silly cache add   rawSpec: '4.0.10',
569 silly cache add   spec: '4.0.10',
569 silly cache add   type: 'version' }
570 silly addNamed handlebars@4.0.10
571 verbose addNamed "4.0.10" is a plain semver version for handlebars
572 silly mapToRegistry name handlebars
573 silly mapToRegistry using default registry
574 silly mapToRegistry registry http://registry.npmjs.org/
575 silly mapToRegistry data Result {
575 silly mapToRegistry   raw: 'handlebars',
575 silly mapToRegistry   scope: null,
575 silly mapToRegistry   name: 'handlebars',
575 silly mapToRegistry   rawSpec: '',
575 silly mapToRegistry   spec: 'latest',
575 silly mapToRegistry   type: 'tag' }
576 silly mapToRegistry uri http://registry.npmjs.org/handlebars
577 verbose addNameVersion registry:http://registry.npmjs.org/handlebars not in flight; fetching
578 verbose get http://registry.npmjs.org/grunt-contrib-clean not expired, no request
579 verbose get http://registry.npmjs.org/grunt-contrib-cssmin not expired, no request
580 silly mapToRegistry name grunt-contrib-cssmin
581 silly mapToRegistry using default registry
582 silly mapToRegistry registry http://registry.npmjs.org/
583 silly mapToRegistry data Result {
583 silly mapToRegistry   raw: 'grunt-contrib-cssmin',
583 silly mapToRegistry   scope: null,
583 silly mapToRegistry   name: 'grunt-contrib-cssmin',
583 silly mapToRegistry   rawSpec: '',
583 silly mapToRegistry   spec: 'latest',
583 silly mapToRegistry   type: 'tag' }
584 silly mapToRegistry uri http://registry.npmjs.org/grunt-contrib-cssmin
585 verbose addRemoteTarball http://registry.npmjs.org/grunt-contrib-cssmin/-/grunt-contrib-cssmin-2.1.0.tgz not in flight; adding
586 verbose addRemoteTarball [ 'http://registry.npmjs.org/grunt-contrib-cssmin/-/grunt-contrib-cssmin-2.1.0.tgz',
586 verbose addRemoteTarball   '16a49953cb153c34fff977c062886aebc30b0a41' ]
587 verbose get http://registry.npmjs.org/handlebars not expired, no request
588 silly cache afterAdd grunt-contrib-clean@1.1.0
589 verbose afterAdd C:\Users\d384512\AppData\Roaming\npm-cache\grunt-contrib-clean\1.1.0\package\package.json not in flight; writing
590 verbose correctMkdir C:\Users\d384512\AppData\Roaming\npm-cache correctMkdir not in flight; initializing
591 silly cache afterAdd handlebars@4.0.10
592 verbose afterAdd C:\Users\d384512\AppData\Roaming\npm-cache\handlebars\4.0.10\package\package.json not in flight; writing
593 verbose correctMkdir C:\Users\d384512\AppData\Roaming\npm-cache correctMkdir not in flight; initializing
594 info retry fetch attempt 1 at 1:01:30 PM
595 info attempt registry request try #1 at 1:01:30 PM
596 http fetch GET http://registry.npmjs.org/grunt-contrib-cssmin/-/grunt-contrib-cssmin-2.1.0.tgz
597 info retry will retry, error on last attempt: Error: getaddrinfo ENOTFOUND bcavi.tcif.telstra.com.au bcavi.tcif.telstra.com.au:8080
598 verbose afterAdd C:\Users\d384512\AppData\Roaming\npm-cache\grunt-contrib-clean\1.1.0\package\package.json written
599 verbose afterAdd C:\Users\d384512\AppData\Roaming\npm-cache\handlebars\4.0.10\package\package.json written
600 info attempt registry request try #2 at 1:01:40 PM
601 http fetch GET http://registry.npmjs.org/grunt-contrib-cssmin/-/grunt-contrib-cssmin-2.1.0.tgz
602 info retry will retry, error on last attempt: Error: getaddrinfo ENOTFOUND bcavi.tcif.telstra.com.au bcavi.tcif.telstra.com.au:8080
603 info attempt registry request try #3 at 1:02:40 PM
604 http fetch GET http://registry.npmjs.org/grunt-contrib-cssmin/-/grunt-contrib-cssmin-2.1.0.tgz
605 error fetch failed http://registry.npmjs.org/grunt-contrib-cssmin/-/grunt-contrib-cssmin-2.1.0.tgz
606 warn retry will retry, error on last attempt: Error: getaddrinfo ENOTFOUND bcavi.tcif.telstra.com.au bcavi.tcif.telstra.com.au:8080
607 info retry fetch attempt 2 at 1:02:50 PM
608 info attempt registry request try #1 at 1:02:50 PM
609 http fetch GET http://registry.npmjs.org/grunt-contrib-cssmin/-/grunt-contrib-cssmin-2.1.0.tgz
610 info retry will retry, error on last attempt: Error: getaddrinfo ENOTFOUND bcavi.tcif.telstra.com.au bcavi.tcif.telstra.com.au:8080
611 info attempt registry request try #2 at 1:03:00 PM
612 http fetch GET http://registry.npmjs.org/grunt-contrib-cssmin/-/grunt-contrib-cssmin-2.1.0.tgz
613 info retry will retry, error on last attempt: Error: getaddrinfo ENOTFOUND bcavi.tcif.telstra.com.au bcavi.tcif.telstra.com.au:8080
614 info attempt registry request try #3 at 1:04:00 PM
615 http fetch GET http://registry.npmjs.org/grunt-contrib-cssmin/-/grunt-contrib-cssmin-2.1.0.tgz
616 error fetch failed http://registry.npmjs.org/grunt-contrib-cssmin/-/grunt-contrib-cssmin-2.1.0.tgz
617 warn retry will retry, error on last attempt: Error: getaddrinfo ENOTFOUND bcavi.tcif.telstra.com.au bcavi.tcif.telstra.com.au:8080
618 info retry fetch attempt 3 at 1:05:00 PM
619 info attempt registry request try #1 at 1:05:00 PM
620 http fetch GET http://registry.npmjs.org/grunt-contrib-cssmin/-/grunt-contrib-cssmin-2.1.0.tgz
621 info retry will retry, error on last attempt: Error: getaddrinfo ENOTFOUND bcavi.tcif.telstra.com.au bcavi.tcif.telstra.com.au:8080
622 info attempt registry request try #2 at 1:05:10 PM
623 http fetch GET http://registry.npmjs.org/grunt-contrib-cssmin/-/grunt-contrib-cssmin-2.1.0.tgz
624 info retry will retry, error on last attempt: Error: getaddrinfo ENOTFOUND bcavi.tcif.telstra.com.au bcavi.tcif.telstra.com.au:8080
625 info attempt registry request try #3 at 1:06:10 PM
626 http fetch GET http://registry.npmjs.org/grunt-contrib-cssmin/-/grunt-contrib-cssmin-2.1.0.tgz
627 error fetch failed http://registry.npmjs.org/grunt-contrib-cssmin/-/grunt-contrib-cssmin-2.1.0.tgz
628 silly rollbackFailedOptional Starting
629 silly rollbackFailedOptional Finishing
630 silly runTopLevelLifecycles Starting
631 silly runTopLevelLifecycles Finishing
632 silly install printInstalled
633 verbose stack Error: getaddrinfo ENOTFOUND bcavi.tcif.telstra.com.au bcavi.tcif.telstra.com.au:8080
633 verbose stack     at errnoException (dns.js:27:10)
633 verbose stack     at GetAddrInfoReqWrap.onlookup [as oncomplete] (dns.js:78:26)
634 verbose cwd C:\reyn\work\movement
635 error Windows_NT 6.1.7601
636 error argv "C:\\Program Files (x86)\\nodejs\\node.exe" "C:\\Users\\d384512\\AppData\\Roaming\\npm\\node_modules\\npm\\bin\\npm-cli.js" "update"
637 error node v4.6.0
638 error npm  v3.8.3
639 error code ENOTFOUND
640 error errno ENOTFOUND
641 error syscall getaddrinfo
642 error network getaddrinfo ENOTFOUND bcavi.tcif.telstra.com.au bcavi.tcif.telstra.com.au:8080
643 error network This is most likely not a problem with npm itself
643 error network and is related to network connectivity.
643 error network In most cases you are behind a proxy or have bad network settings.
643 error network
643 error network If you are behind a proxy, please make sure that the
643 error network 'proxy' config is set properly.  See: 'npm help config'
644 verbose exit [ 1, true ]
